2017-04-20 12:12:19,830  WARN [ModalContext] - ScalaProject - Project htw-scala has platform default sourceLevel.
2017-04-20 12:12:19,832  WARN [ModalContext] - ScalaProject - Project htw-scala runs on platform default installation.
2017-04-20 12:12:19,916 ERROR [Worker-9] - System.err - log4j:WARN No appenders could be found for logger (org.eclipse.jgit.util.FS).
2017-04-20 12:12:19,917 ERROR [Worker-9] - System.err - log4j:WARN Please initialize the log4j system properly.
2017-04-20 12:12:28,787  WARN [Worker-8] - ScalaProject - Project htw-scala has platform default sourceLevel.
2017-04-20 12:12:28,799  WARN [Worker-8] - ScalaProject - Project htw-scala runs on platform default installation.
2017-04-20 12:13:23,389  WARN [main] - ScalaProject - Project htw-scala has platform default sourceLevel.
2017-04-20 12:13:23,389  WARN [main] - ScalaProject - Project htw-scala runs on platform default installation.
2017-04-20 12:13:24,210 ERROR [main] - IScalaPresentationCompiler$ - Ignoring InterruptException
2017-04-20 12:13:24,221 ERROR [main] - IScalaPresentationCompiler$ - Ignoring InterruptException
2017-04-20 12:13:24,226 ERROR [main] - IScalaPresentationCompiler$ - Ignoring InterruptException
2017-04-20 12:13:24,228 ERROR [main] - IScalaPresentationCompiler$ - Ignoring InterruptException
2017-04-20 12:13:25,335  WARN [Worker-10] - ScalaProject - Project htw-scala has platform default sourceLevel.
2017-04-20 12:13:25,335  WARN [Worker-10] - ScalaProject - Project htw-scala runs on platform default installation.
2017-04-20 12:13:25,748  WARN [Java indexing] - ScalaProject - Project htw-scala has platform default sourceLevel.
2017-04-20 12:13:25,748  WARN [Java indexing] - ScalaProject - Project htw-scala runs on platform default installation.
2017-04-20 12:13:27,429  WARN [Worker-9] - ScalaProject - Project htw-scala has platform default sourceLevel.
2017-04-20 12:13:27,429  WARN [Worker-9] - ScalaProject - Project htw-scala runs on platform default installation.
2017-04-20 12:14:00,330  WARN [Worker-9] - ScalaProject - Project htw-scala has platform default sourceLevel.
2017-04-20 12:14:00,331  WARN [Worker-9] - ScalaProject - Project htw-scala runs on platform default installation.
2017-04-20 12:14:46,437  WARN [Worker-2] - ScalaProject - Project htw-scala has platform default sourceLevel.
2017-04-20 12:14:46,438  WARN [Worker-2] - ScalaProject - Project htw-scala runs on platform default installation.
2017-04-20 12:14:47,167 ERROR [Text Viewer Hover Presenter] - IScalaPresentationCompiler$ - Ignoring InterruptException
2017-04-20 12:14:47,178 ERROR [Text Viewer Hover Presenter] - IScalaPresentationCompiler$ - Ignoring InterruptException
2017-04-20 12:14:47,178 ERROR [Text Viewer Hover Presenter] - IScalaPresentationCompiler$ - Ignoring InterruptException
2017-04-20 12:17:38,091  WARN [main] - ScalaProject - Project htw-scala has platform default sourceLevel.
2017-04-20 12:17:38,091  WARN [main] - ScalaProject - Project htw-scala runs on platform default installation.
2017-04-20 12:17:38,268  WARN [Worker-9] - ScalaProject - Project htw-scala has platform default sourceLevel.
2017-04-20 12:17:38,268  WARN [Worker-9] - ScalaProject - Project htw-scala runs on platform default installation.
2017-04-20 12:17:40,388  WARN [org.scalaide.ui.internal.reconciliation.ScalaReconciler] - CallByNameParamAtCreationPresenter - Timeout while waiting for `askLoadedTyped` during semantic highlighting.
2017-04-20 12:17:42,057  WARN [org.scalaide.ui.internal.reconciliation.ScalaReconciler] - CallByNameParamAtCreationPresenter - Timeout while waiting for `askLoadedTyped` during semantic highlighting.
2017-04-20 12:17:43,633 ERROR [Text Viewer Hover Presenter] - IScalaPresentationCompiler$ - Ignoring InterruptException
2017-04-20 12:18:06,388  WARN [org.scalaide.ui.internal.reconciliation.ScalaReconciler] - CustomSemanticAction - Timeout while waiting for `askLoadedTyped` during semantic highlighting.
2017-04-20 12:18:06,593  WARN [org.scalaide.ui.internal.reconciliation.ScalaReconciler] - CallByNameParamAtCreationPresenter - Timeout while waiting for `askLoadedTyped` during semantic highlighting.
2017-04-20 12:18:27,727  WARN [Worker-11] - ScalaProject - Project htw-scala has platform default sourceLevel.
2017-04-20 12:18:27,727  WARN [Worker-11] - ScalaProject - Project htw-scala runs on platform default installation.
2017-04-20 12:19:03,823 ERROR [Text Viewer Hover Presenter] - IScalaPresentationCompiler$ - Ignoring InterruptException
2017-04-20 12:19:03,824 ERROR [Text Viewer Hover Presenter] - IScalaPresentationCompiler$ - Ignoring InterruptException
2017-04-20 12:19:03,824 ERROR [Text Viewer Hover Presenter] - IScalaPresentationCompiler$ - Ignoring InterruptException
2017-04-20 12:20:30,135  WARN [org.scalaide.ui.internal.reconciliation.ScalaReconciler] - CallByNameParamAtCreationPresenter - Timeout while waiting for `askLoadedTyped` during semantic highlighting.
2017-04-20 12:20:31,177  WARN [org.scalaide.ui.internal.reconciliation.ScalaReconciler] - CustomSemanticAction - Timeout while waiting for `askLoadedTyped` during semantic highlighting.
2017-04-20 12:22:17,680  WARN [org.scalaide.ui.internal.reconciliation.ScalaReconciler] - CustomSemanticAction - Timeout while waiting for `askLoadedTyped` during semantic highlighting.
2017-04-20 12:22:17,881  WARN [org.scalaide.ui.internal.reconciliation.ScalaReconciler] - CallByNameParamAtCreationPresenter - Timeout while waiting for `askLoadedTyped` during semantic highlighting.
2017-04-20 12:22:33,251  WARN [Worker-8] - ScalaProject - Project htw-scala has platform default sourceLevel.
2017-04-20 12:22:33,251  WARN [Worker-8] - ScalaProject - Project htw-scala runs on platform default installation.
2017-04-20 12:22:34,809  WARN [org.scalaide.ui.internal.reconciliation.ScalaReconciler] - CallByNameParamAtCreationPresenter - Timeout while waiting for `askLoadedTyped` during semantic highlighting.
2017-04-20 12:22:42,515  WARN [main] - ScalaProject - Project htw-scala has platform default sourceLevel.
2017-04-20 12:22:42,515  WARN [main] - ScalaProject - Project htw-scala runs on platform default installation.
2017-04-20 12:22:42,672  WARN [Worker-7] - ScalaProject - Project htw-scala has platform default sourceLevel.
2017-04-20 12:22:42,672  WARN [Worker-7] - ScalaProject - Project htw-scala runs on platform default installation.
2017-04-20 12:22:43,858  WARN [org.scalaide.ui.internal.reconciliation.ScalaReconciler] - CustomSemanticAction - Timeout while waiting for `askLoadedTyped` during semantic highlighting.
2017-04-20 12:45:40,671  WARN [Worker-17] - ScalaProject - Project htw-scala has platform default sourceLevel.
2017-04-20 12:45:40,673  WARN [Worker-17] - ScalaProject - Project htw-scala runs on platform default installation.
2017-04-20 12:46:01,944  WARN [Java indexing] - ScalaProject - Project htw-scala has platform default sourceLevel.
2017-04-20 12:46:01,944  WARN [Java indexing] - ScalaProject - Project htw-scala runs on platform default installation.
2017-04-20 12:46:02,617  WARN [Worker-17] - ScalaProject - Project htw-scala has platform default sourceLevel.
2017-04-20 12:46:02,617  WARN [Worker-17] - ScalaProject - Project htw-scala runs on platform default installation.
2017-04-20 12:46:10,746  WARN [Worker-19] - ScalaProject - Project htw-scala has platform default sourceLevel.
2017-04-20 12:46:10,747  WARN [Worker-19] - ScalaProject - Project htw-scala runs on platform default installation.
2017-04-20 12:46:15,362  WARN [Worker-19] - ScalaProject - Project htw-scala has platform default sourceLevel.
2017-04-20 12:46:15,363  WARN [Worker-19] - ScalaProject - Project htw-scala runs on platform default installation.
2017-04-20 12:46:24,763  WARN [main] - ScalaProject - Project htw-scala has platform default sourceLevel.
2017-04-20 12:46:24,763  WARN [main] - ScalaProject - Project htw-scala runs on platform default installation.
2017-04-20 12:46:24,992  WARN [Worker-20] - ScalaProject - Project htw-scala has platform default sourceLevel.
2017-04-20 12:46:24,992  WARN [Worker-20] - ScalaProject - Project htw-scala runs on platform default installation.
2017-04-20 12:47:58,984  WARN [Worker-20] - ScalaProject - Project htw-scala has platform default sourceLevel.
2017-04-20 12:47:58,984  WARN [Worker-20] - ScalaProject - Project htw-scala runs on platform default installation.
2017-04-20 12:48:14,532  WARN [Worker-17] - ScalaProject - Project htw-scala has platform default sourceLevel.
2017-04-20 12:48:14,532  WARN [Worker-17] - ScalaProject - Project htw-scala runs on platform default installation.
2017-04-20 12:51:42,473  WARN [Worker-8] - ScalaProject - Project htw-scala has platform default sourceLevel.
2017-04-20 12:51:42,474  WARN [Worker-8] - ScalaProject - Project htw-scala runs on platform default installation.
2017-04-20 12:52:08,437  WARN [Worker-8] - ScalaProject - Project htw-scala has platform default sourceLevel.
2017-04-20 12:52:08,438  WARN [Worker-8] - ScalaProject - Project htw-scala runs on platform default installation.
2017-04-20 12:52:08,442  WARN [Worker-8] - ScalaProject - Project htw-scala has platform default sourceLevel.
2017-04-20 12:52:08,442  WARN [Worker-8] - ScalaProject - Project htw-scala runs on platform default installation.
2017-04-20 12:52:09,013  WARN [org.scalaide.ui.internal.reconciliation.ScalaReconciler] - ScalaProject - Project htw-scala has platform default sourceLevel.
2017-04-20 12:52:09,013  WARN [org.scalaide.ui.internal.reconciliation.ScalaReconciler] - ScalaProject - Project htw-scala runs on platform default installation.
2017-04-20 12:52:41,883  WARN [Java indexing] - ScalaProject - Project htw-scala has platform default sourceLevel.
2017-04-20 12:52:41,883  WARN [Java indexing] - ScalaProject - Project htw-scala runs on platform default installation.
2017-04-20 12:52:42,603  WARN [Worker-17] - ScalaProject - Project htw-scala has platform default sourceLevel.
2017-04-20 12:52:42,603  WARN [Worker-17] - ScalaProject - Project htw-scala runs on platform default installation.
2017-04-20 12:52:46,856  WARN [Worker-21] - ScalaProject - Project htw-scala has platform default sourceLevel.
2017-04-20 12:52:46,857  WARN [Worker-21] - ScalaProject - Project htw-scala runs on platform default installation.
2017-04-20 12:53:01,469  WARN [Worker-8] - ScalaProject - Project htw-scala has platform default sourceLevel.
2017-04-20 12:53:01,469  WARN [Worker-8] - ScalaProject - Project htw-scala runs on platform default installation.
2017-04-20 12:58:09,868  WARN [Worker-22] - ScalaProject - Project htw-scala has platform default sourceLevel.
2017-04-20 12:58:09,869  WARN [Worker-22] - ScalaProject - Project htw-scala runs on platform default installation.
2017-04-20 12:58:57,048  WARN [Worker-22] - ScalaProject - Project htw-scala has platform default sourceLevel.
2017-04-20 12:58:57,049  WARN [Worker-22] - ScalaProject - Project htw-scala runs on platform default installation.
2017-04-20 13:00:16,123 ERROR [Text Viewer Hover Presenter] - IScalaPresentationCompiler$ - Ignoring InterruptException
2017-04-20 13:00:16,219 ERROR [Text Viewer Hover Presenter] - IScalaPresentationCompiler$ - Ignoring InterruptException
2017-04-20 13:00:16,220 ERROR [Text Viewer Hover Presenter] - IScalaPresentationCompiler$ - Ignoring InterruptException
2017-04-20 13:00:16,220 ERROR [Text Viewer Hover Presenter] - IScalaPresentationCompiler$ - Ignoring InterruptException
2017-04-20 13:03:45,670 ERROR [main] - org.scala-ide.sdt.core - org.scala-ide.sdt.core - org.scala-ide.sdt.core - 0 - Throwable during asyncExec
java.lang.NullPointerException
	at scala.reflect.internal.Definitions$DefinitionsClass.isByNameParamType(Definitions.scala:379)
	at scala.reflect.internal.TreeInfo.isStableIdent(TreeInfo.scala:130)
	at scala.reflect.internal.TreeInfo.isStableIdentifier(TreeInfo.scala:105)
	at scala.reflect.internal.TreeInfo.isPath(TreeInfo.scala:95)
	at scala.reflect.internal.TreeInfo.admitsTypeSelection(TreeInfo.scala:147)
	at scala.tools.nsc.interactive.Global.stabilizedType(Global.scala:963)
	at scala.tools.nsc.interactive.Global.typedTreeAt(Global.scala:812)
	at scala.tools.nsc.interactive.Global$$anonfun$getTypedTreeAt$1.apply(Global.scala:842)
	at scala.tools.nsc.interactive.Global$$anonfun$getTypedTreeAt$1.apply(Global.scala:842)
	at scala.tools.nsc.interactive.Global$$anonfun$respond$1.apply(Global.scala:701)
	at scala.tools.nsc.interactive.Global$$anonfun$respond$1.apply(Global.scala:701)
	at scala.tools.nsc.interactive.Global.respondGradually(Global.scala:708)
	at scala.tools.nsc.interactive.Global.respond(Global.scala:701)
	at scala.tools.nsc.interactive.Global.getTypedTreeAt(Global.scala:842)
	at scala.tools.nsc.interactive.CompilerControl$AskTypeAtItem.apply$mcV$sp(CompilerControl.scala:333)
	at scala.tools.nsc.interactive.Global$$anonfun$pollForWork$1.apply$mcV$sp(Global.scala:506)
	at scala.util.control.Breaks.breakable(Breaks.scala:38)
	at scala.tools.nsc.interactive.Global.pollForWork(Global.scala:431)
	at scala.tools.nsc.interactive.Global.checkForMoreWork(Global.scala:520)
	at scala.tools.nsc.interactive.Global.signalParseProgress(Global.scala:331)
	at scala.tools.nsc.ast.parser.Parsers$Parser.funDefRest(Parsers.scala:2670)
	at scala.tools.nsc.ast.parser.Parsers$Parser.funDefOrDcl(Parsers.scala:2627)
	at scala.tools.nsc.ast.parser.Parsers$Parser.defOrDcl(Parsers.scala:2512)
	at scala.tools.nsc.ast.parser.Parsers$Parser.nonLocalDefOrDcl(Parsers.scala:2524)
	at scala.tools.nsc.ast.parser.Parsers$Parser$$anonfun$templateStat$1$$anonfun$applyOrElse$3.apply(Parsers.scala:3087)
	at scala.tools.nsc.ast.parser.Parsers$Parser$$anonfun$templateStat$1$$anonfun$applyOrElse$3.apply(Parsers.scala:3087)
	at scala.tools.nsc.doc.ScaladocSyntaxAnalyzer$ScaladocUnitParser.joinComment(ScaladocAnalyzer.scala:259)
	at scala.tools.nsc.ast.parser.Parsers$Parser$$anonfun$templateStat$1.applyOrElse(Parsers.scala:3087)
	at scala.tools.nsc.ast.parser.Parsers$Parser$$anonfun$templateStat$1.applyOrElse(Parsers.scala:3082)
	at scala.tools.nsc.ast.parser.Parsers$Parser.statSeq(Parsers.scala:3014)
	at scala.tools.nsc.ast.parser.Parsers$Parser.templateStats(Parsers.scala:3081)
	at scala.tools.nsc.ast.parser.Parsers$Parser$$anonfun$templateStatSeq$1.apply(Parsers.scala:3068)
	at scala.tools.nsc.ast.parser.Parsers$Parser$$anonfun$templateStatSeq$1.apply(Parsers.scala:3045)
	at scala.tools.nsc.ast.parser.Parsers$Parser.checkNoEscapingPlaceholders(Parsers.scala:462)
	at scala.tools.nsc.ast.parser.Parsers$Parser.templateStatSeq(Parsers.scala:3045)
	at scala.tools.nsc.ast.parser.Parsers$Parser.templateBody(Parsers.scala:2974)
	at scala.tools.nsc.ast.parser.Parsers$Parser.templateBodyOpt(Parsers.scala:2981)
	at scala.tools.nsc.ast.parser.Parsers$Parser.templateOpt(Parsers.scala:2945)
	at scala.tools.nsc.ast.parser.Parsers$Parser.objectDef(Parsers.scala:2830)
	at scala.tools.nsc.ast.parser.Parsers$Parser.tmplDef(Parsers.scala:2766)
	at scala.tools.nsc.ast.parser.Parsers$Parser.topLevelTmplDef(Parsers.scala:2747)
	at scala.tools.nsc.ast.parser.Parsers$Parser$$anonfun$topStat$1$$anonfun$applyOrElse$2.apply(Parsers.scala:3037)
	at scala.tools.nsc.ast.parser.Parsers$Parser$$anonfun$topStat$1$$anonfun$applyOrElse$2.apply(Parsers.scala:3037)
	at scala.tools.nsc.doc.ScaladocSyntaxAnalyzer$ScaladocUnitParser.joinComment(ScaladocAnalyzer.scala:259)
	at scala.tools.nsc.ast.parser.Parsers$Parser$$anonfun$topStat$1.applyOrElse(Parsers.scala:3037)
	at scala.tools.nsc.ast.parser.Parsers$Parser$$anonfun$topStat$1.applyOrElse(Parsers.scala:3030)
	at scala.tools.nsc.ast.parser.Parsers$Parser.statSeq(Parsers.scala:3014)
	at scala.tools.nsc.ast.parser.Parsers$Parser.topStatSeq(Parsers.scala:3029)
	at scala.tools.nsc.ast.parser.Parsers$Parser$$anonfun$compilationUnit$1.topstats$1(Parsers.scala:3227)
	at scala.tools.nsc.ast.parser.Parsers$Parser$$anonfun$compilationUnit$1.apply(Parsers.scala:3233)
	at scala.tools.nsc.ast.parser.Parsers$Parser$$anonfun$compilationUnit$1.apply(Parsers.scala:3195)
	at scala.tools.nsc.ast.parser.Parsers$Parser.checkNoEscapingPlaceholders(Parsers.scala:462)
	at scala.tools.nsc.ast.parser.Parsers$Parser.compilationUnit(Parsers.scala:3195)
	at scala.tools.nsc.ast.parser.Parsers$SourceFileParser$$anonfun$parseStartRule$1.apply(Parsers.scala:146)
	at scala.tools.nsc.ast.parser.Parsers$SourceFileParser$$anonfun$parseStartRule$1.apply(Parsers.scala:146)
	at scala.tools.nsc.ast.parser.Parsers$Parser$$anonfun$parse$1.apply(Parsers.scala:352)
	at scala.tools.nsc.ast.parser.Parsers$Parser$$anonfun$parse$1.apply(Parsers.scala:352)
	at scala.tools.nsc.ast.parser.Parsers$Parser.parseRule(Parsers.scala:345)
	at scala.tools.nsc.ast.parser.Parsers$Parser.parse(Parsers.scala:352)
	at scala.tools.nsc.ast.parser.Parsers$UnitParser.smartParse(Parsers.scala:241)
	at scala.tools.nsc.ast.parser.SyntaxAnalyzer.scala$tools$nsc$ast$parser$SyntaxAnalyzer$$initialUnitBody(SyntaxAnalyzer.scala:87)
	at scala.tools.nsc.ast.parser.SyntaxAnalyzer$ParserPhase.apply(SyntaxAnalyzer.scala:99)
	at scala.tools.nsc.Global$GlobalPhase$$anonfun$applyPhase$1.apply$mcV$sp(Global.scala:440)
	at scala.tools.nsc.Global$GlobalPhase.withCurrentUnit(Global.scala:431)
	at scala.tools.nsc.Global$GlobalPhase.applyPhase(Global.scala:440)
	at scala.tools.nsc.Global$Run$$anonfun$compileLate$2$$anonfun$apply$1.apply(Global.scala:1609)
	at scala.tools.nsc.Global$Run$$anonfun$compileLate$2$$anonfun$apply$1.apply(Global.scala:1609)
	at scala.reflect.internal.SymbolTable.enteringPhase(SymbolTable.scala:235)
	at scala.tools.nsc.Global$Run$$anonfun$compileLate$2.apply(Global.scala:1609)
	at scala.tools.nsc.Global$Run$$anonfun$compileLate$2.apply(Global.scala:1608)
	at scala.collection.Iterator$class.foreach(Iterator.scala:893)
	at scala.collection.AbstractIterator.foreach(Iterator.scala:1336)
	at scala.tools.nsc.Global$Run.compileLate(Global.scala:1608)
	at scala.tools.nsc.interactive.Global.scala$tools$nsc$interactive$Global$$parseAndEnter(Global.scala:658)
	at scala.tools.nsc.interactive.Global.backgroundCompile(Global.scala:564)
	at scala.tools.nsc.interactive.PresentationCompilerThread.run(PresentationCompilerThread.scala:25)
2017-04-20 13:03:52,757 ERROR [Text Viewer Hover Presenter] - IScalaPresentationCompiler$ - Ignoring InterruptException
2017-04-20 13:03:52,757 ERROR [Text Viewer Hover Presenter] - IScalaPresentationCompiler$ - Ignoring InterruptException
2017-04-20 13:03:52,757 ERROR [Text Viewer Hover Presenter] - IScalaPresentationCompiler$ - Ignoring InterruptException
2017-04-20 13:15:42,111  WARN [Worker-34] - ScalaProject - Project htw-scala has platform default sourceLevel.
2017-04-20 13:15:42,112  WARN [Worker-34] - ScalaProject - Project htw-scala runs on platform default installation.
2017-04-20 13:16:26,250  WARN [Worker-34] - ScalaProject - Project htw-scala has platform default sourceLevel.
2017-04-20 13:16:26,250  WARN [Worker-34] - ScalaProject - Project htw-scala runs on platform default installation.
2017-04-20 13:17:16,532  WARN [Worker-33] - ScalaProject - Project htw-scala has platform default sourceLevel.
2017-04-20 13:17:16,532  WARN [Worker-33] - ScalaProject - Project htw-scala runs on platform default installation.
2017-04-20 13:18:12,706  WARN [Worker-29] - ScalaProject - Project htw-scala has platform default sourceLevel.
2017-04-20 13:18:12,706  WARN [Worker-29] - ScalaProject - Project htw-scala runs on platform default installation.
2017-04-20 13:18:29,705  WARN [Worker-34] - ScalaProject - Project htw-scala has platform default sourceLevel.
2017-04-20 13:18:29,705  WARN [Worker-34] - ScalaProject - Project htw-scala runs on platform default installation.
2017-04-20 13:19:05,901  WARN [Worker-34] - ScalaProject - Project htw-scala has platform default sourceLevel.
2017-04-20 13:19:05,901  WARN [Worker-34] - ScalaProject - Project htw-scala runs on platform default installation.
2017-04-20 13:19:46,884  WARN [Worker-36] - ScalaProject - Project htw-scala has platform default sourceLevel.
2017-04-20 13:19:46,884  WARN [Worker-36] - ScalaProject - Project htw-scala runs on platform default installation.
2017-04-20 13:20:27,041  WARN [Worker-29] - ScalaProject - Project htw-scala has platform default sourceLevel.
2017-04-20 13:20:27,041  WARN [Worker-29] - ScalaProject - Project htw-scala runs on platform default installation.
2017-04-20 13:32:06,383  WARN [Worker-29] - ScalaProject - Project htw-scala has platform default sourceLevel.
2017-04-20 13:32:06,383  WARN [Worker-29] - ScalaProject - Project htw-scala runs on platform default installation.
2017-04-20 13:33:54,044  WARN [Worker-39] - ScalaProject - Project htw-scala has platform default sourceLevel.
2017-04-20 13:33:54,044  WARN [Worker-39] - ScalaProject - Project htw-scala runs on platform default installation.
2017-04-20 13:34:34,429  WARN [Worker-41] - ScalaProject - Project htw-scala has platform default sourceLevel.
2017-04-20 13:34:34,429  WARN [Worker-41] - ScalaProject - Project htw-scala runs on platform default installation.
2017-04-20 13:34:42,570  WARN [Worker-39] - ScalaProject - Project htw-scala has platform default sourceLevel.
2017-04-20 13:34:42,570  WARN [Worker-39] - ScalaProject - Project htw-scala runs on platform default installation.
2017-04-20 13:35:08,665  WARN [Worker-39] - ScalaProject - Project htw-scala has platform default sourceLevel.
2017-04-20 13:35:08,665  WARN [Worker-39] - ScalaProject - Project htw-scala runs on platform default installation.
2017-04-20 13:41:26,015  WARN [Worker-43] - ScalaProject - Project htw-scala has platform default sourceLevel.
2017-04-20 13:41:26,015  WARN [Worker-43] - ScalaProject - Project htw-scala runs on platform default installation.
2017-04-20 13:43:22,988  WARN [Worker-49] - ScalaProject - Project htw-scala has platform default sourceLevel.
2017-04-20 13:43:22,989  WARN [Worker-49] - ScalaProject - Project htw-scala runs on platform default installation.
2017-04-20 13:43:43,369  WARN [Worker-49] - ScalaProject - Project htw-scala has platform default sourceLevel.
2017-04-20 13:43:43,370  WARN [Worker-49] - ScalaProject - Project htw-scala runs on platform default installation.
2017-04-20 13:43:50,986  WARN [Worker-46] - ScalaProject - Project htw-scala has platform default sourceLevel.
2017-04-20 13:43:50,986  WARN [Worker-46] - ScalaProject - Project htw-scala runs on platform default installation.
2017-04-20 13:43:58,982 ERROR [Text Viewer Hover Presenter] - IScalaPresentationCompiler$ - Ignoring InterruptException
2017-04-20 13:43:58,982 ERROR [Text Viewer Hover Presenter] - IScalaPresentationCompiler$ - Ignoring InterruptException
2017-04-20 13:43:58,982 ERROR [Text Viewer Hover Presenter] - IScalaPresentationCompiler$ - Ignoring InterruptException
2017-04-20 13:43:59,586  WARN [Worker-46] - ScalaProject - Project htw-scala has platform default sourceLevel.
2017-04-20 13:43:59,586  WARN [Worker-46] - ScalaProject - Project htw-scala runs on platform default installation.
2017-04-20 13:44:12,813  WARN [Worker-49] - ScalaProject - Project htw-scala has platform default sourceLevel.
2017-04-20 13:44:12,813  WARN [Worker-49] - ScalaProject - Project htw-scala runs on platform default installation.
2017-04-20 13:44:24,852  WARN [Worker-46] - ScalaProject - Project htw-scala has platform default sourceLevel.
2017-04-20 13:44:24,852  WARN [Worker-46] - ScalaProject - Project htw-scala runs on platform default installation.
2017-04-20 13:44:30,784  WARN [Worker-50] - ScalaProject - Project htw-scala has platform default sourceLevel.
2017-04-20 13:44:30,784  WARN [Worker-50] - ScalaProject - Project htw-scala runs on platform default installation.
2017-04-20 13:44:32,743  WARN [Worker-50] - ScalaProject - Project htw-scala has platform default sourceLevel.
2017-04-20 13:44:32,743  WARN [Worker-50] - ScalaProject - Project htw-scala runs on platform default installation.
2017-04-20 13:47:10,067  WARN [Worker-43] - ScalaProject - Project htw-scala has platform default sourceLevel.
2017-04-20 13:47:10,067  WARN [Worker-43] - ScalaProject - Project htw-scala runs on platform default installation.
2017-04-20 13:47:39,928  WARN [Worker-46] - ScalaProject - Project htw-scala has platform default sourceLevel.
2017-04-20 13:47:39,928  WARN [Worker-46] - ScalaProject - Project htw-scala runs on platform default installation.
2017-04-20 13:49:52,317  WARN [Worker-43] - ScalaProject - Project htw-scala has platform default sourceLevel.
2017-04-20 13:49:52,317  WARN [Worker-43] - ScalaProject - Project htw-scala runs on platform default installation.
2017-04-20 13:50:17,117  WARN [Worker-58] - ScalaProject - Project htw-scala has platform default sourceLevel.
2017-04-20 13:50:17,117  WARN [Worker-58] - ScalaProject - Project htw-scala runs on platform default installation.
2017-04-20 13:52:17,906  WARN [Worker-43] - ScalaProject - Project htw-scala has platform default sourceLevel.
2017-04-20 13:52:17,907  WARN [Worker-43] - ScalaProject - Project htw-scala runs on platform default installation.
2017-04-20 13:52:29,740  WARN [Worker-60] - ScalaProject - Project htw-scala has platform default sourceLevel.
2017-04-20 13:52:29,741  WARN [Worker-60] - ScalaProject - Project htw-scala runs on platform default installation.
2017-04-20 13:53:36,826  WARN [Worker-57] - ScalaProject - Project htw-scala has platform default sourceLevel.
2017-04-20 13:53:36,827  WARN [Worker-57] - ScalaProject - Project htw-scala runs on platform default installation.
2017-04-20 13:56:59,100  WARN [Worker-66] - ScalaProject - Project htw-scala has platform default sourceLevel.
2017-04-20 13:56:59,101  WARN [Worker-66] - ScalaProject - Project htw-scala runs on platform default installation.
2017-04-20 13:58:01,289 ERROR [Text Viewer Hover Presenter] - IScalaPresentationCompiler$ - Ignoring InterruptException
2017-04-20 13:58:01,290 ERROR [Text Viewer Hover Presenter] - IScalaPresentationCompiler$ - Ignoring InterruptException
2017-04-20 13:58:01,290 ERROR [Text Viewer Hover Presenter] - IScalaPresentationCompiler$ - Ignoring InterruptException
2017-04-20 13:58:35,702  WARN [Worker-67] - ScalaProject - Project htw-scala has platform default sourceLevel.
2017-04-20 13:58:35,702  WARN [Worker-67] - ScalaProject - Project htw-scala runs on platform default installation.
2017-04-20 14:01:56,180  WARN [Worker-71] - ScalaProject - Project htw-scala has platform default sourceLevel.
2017-04-20 14:01:56,180  WARN [Worker-71] - ScalaProject - Project htw-scala runs on platform default installation.
2017-04-20 14:02:01,012  WARN [Worker-73] - ScalaProject - Project htw-scala has platform default sourceLevel.
2017-04-20 14:02:01,013  WARN [Worker-73] - ScalaProject - Project htw-scala runs on platform default installation.
2017-04-20 14:02:35,737  WARN [Worker-73] - ScalaProject - Project htw-scala has platform default sourceLevel.
2017-04-20 14:02:35,737  WARN [Worker-73] - ScalaProject - Project htw-scala runs on platform default installation.
2017-04-20 14:04:52,612  WARN [Worker-75] - ScalaProject - Project htw-scala has platform default sourceLevel.
2017-04-20 14:04:52,612  WARN [Worker-75] - ScalaProject - Project htw-scala runs on platform default installation.
2017-04-20 14:05:03,076  WARN [Worker-72] - ScalaProject - Project htw-scala has platform default sourceLevel.
2017-04-20 14:05:03,076  WARN [Worker-72] - ScalaProject - Project htw-scala runs on platform default installation.
2017-04-20 14:05:26,578  WARN [Worker-73] - ScalaProject - Project htw-scala has platform default sourceLevel.
2017-04-20 14:05:26,578  WARN [Worker-73] - ScalaProject - Project htw-scala runs on platform default installation.
2017-04-20 14:05:34,025  WARN [Worker-75] - ScalaProject - Project htw-scala has platform default sourceLevel.
2017-04-20 14:05:34,025  WARN [Worker-75] - ScalaProject - Project htw-scala runs on platform default installation.
2017-04-20 14:05:35,678  WARN [Worker-76] - ScalaProject - Project htw-scala has platform default sourceLevel.
2017-04-20 14:05:35,679  WARN [Worker-76] - ScalaProject - Project htw-scala runs on platform default installation.
2017-04-20 14:10:43,895  WARN [Worker-77] - ScalaProject - Project htw-scala has platform default sourceLevel.
2017-04-20 14:10:43,897  WARN [Worker-77] - ScalaProject - Project htw-scala runs on platform default installation.
2017-04-20 14:10:53,380  WARN [Worker-77] - ScalaProject - Project htw-scala has platform default sourceLevel.
2017-04-20 14:10:53,380  WARN [Worker-77] - ScalaProject - Project htw-scala runs on platform default installation.
2017-04-20 14:12:04,044  WARN [Worker-80] - ScalaProject - Project htw-scala has platform default sourceLevel.
2017-04-20 14:12:04,044  WARN [Worker-80] - ScalaProject - Project htw-scala runs on platform default installation.
2017-04-20 14:13:40,081  WARN [Worker-80] - ScalaProject - Project htw-scala has platform default sourceLevel.
2017-04-20 14:13:40,082  WARN [Worker-80] - ScalaProject - Project htw-scala runs on platform default installation.
2017-04-20 14:14:27,891  WARN [Worker-84] - ScalaProject - Project htw-scala has platform default sourceLevel.
2017-04-20 14:14:27,891  WARN [Worker-84] - ScalaProject - Project htw-scala runs on platform default installation.
2017-04-20 14:15:14,043  WARN [Worker-86] - ScalaProject - Project htw-scala has platform default sourceLevel.
2017-04-20 14:15:14,043  WARN [Worker-86] - ScalaProject - Project htw-scala runs on platform default installation.
2017-04-20 14:15:21,160  WARN [Worker-84] - ScalaProject - Project htw-scala has platform default sourceLevel.
2017-04-20 14:15:21,160  WARN [Worker-84] - ScalaProject - Project htw-scala runs on platform default installation.
2017-04-20 14:15:33,885  WARN [Worker-84] - ScalaProject - Project htw-scala has platform default sourceLevel.
2017-04-20 14:15:33,885  WARN [Worker-84] - ScalaProject - Project htw-scala runs on platform default installation.
2017-04-20 14:16:09,539 ERROR [Text Viewer Hover Presenter] - IScalaPresentationCompiler$ - Ignoring InterruptException
2017-04-20 14:16:09,539 ERROR [Text Viewer Hover Presenter] - IScalaPresentationCompiler$ - Ignoring InterruptException
2017-04-20 14:16:09,539 ERROR [Text Viewer Hover Presenter] - IScalaPresentationCompiler$ - Ignoring InterruptException
2017-04-20 14:16:10,382  WARN [Worker-80] - ScalaProject - Project htw-scala has platform default sourceLevel.
2017-04-20 14:16:10,382  WARN [Worker-80] - ScalaProject - Project htw-scala runs on platform default installation.
2017-04-20 14:16:56,203  WARN [Worker-86] - ScalaProject - Project htw-scala has platform default sourceLevel.
2017-04-20 14:16:56,203  WARN [Worker-86] - ScalaProject - Project htw-scala runs on platform default installation.
2017-04-20 14:17:01,909  WARN [Worker-86] - ScalaProject - Project htw-scala has platform default sourceLevel.
2017-04-20 14:17:01,909  WARN [Worker-86] - ScalaProject - Project htw-scala runs on platform default installation.
2017-04-20 14:17:18,869  WARN [Worker-84] - ScalaProject - Project htw-scala has platform default sourceLevel.
2017-04-20 14:17:18,869  WARN [Worker-84] - ScalaProject - Project htw-scala runs on platform default installation.
2017-04-20 14:18:16,040  WARN [Worker-87] - ScalaProject - Project htw-scala has platform default sourceLevel.
2017-04-20 14:18:16,040  WARN [Worker-87] - ScalaProject - Project htw-scala runs on platform default installation.
2017-04-20 14:18:24,334  WARN [Worker-85] - ScalaProject - Project htw-scala has platform default sourceLevel.
2017-04-20 14:18:24,334  WARN [Worker-85] - ScalaProject - Project htw-scala runs on platform default installation.
2017-04-20 14:19:33,052  WARN [Worker-87] - ScalaProject - Project htw-scala has platform default sourceLevel.
2017-04-20 14:19:33,052  WARN [Worker-87] - ScalaProject - Project htw-scala runs on platform default installation.
2017-04-20 14:19:35,883  WARN [Worker-89] - ScalaProject - Project htw-scala has platform default sourceLevel.
2017-04-20 14:19:35,883  WARN [Worker-89] - ScalaProject - Project htw-scala runs on platform default installation.
2017-04-20 14:21:07,369  WARN [Worker-89] - ScalaProject - Project htw-scala has platform default sourceLevel.
2017-04-20 14:21:07,369  WARN [Worker-89] - ScalaProject - Project htw-scala runs on platform default installation.
2017-04-20 14:21:16,823 ERROR [Text Viewer Hover Presenter] - IScalaPresentationCompiler$ - Ignoring InterruptException
2017-04-20 14:21:16,823 ERROR [Text Viewer Hover Presenter] - IScalaPresentationCompiler$ - Ignoring InterruptException
2017-04-20 14:21:16,823 ERROR [Text Viewer Hover Presenter] - IScalaPresentationCompiler$ - Ignoring InterruptException
2017-04-20 14:21:26,107  WARN [Worker-84] - ScalaProject - Project htw-scala has platform default sourceLevel.
2017-04-20 14:21:26,107  WARN [Worker-84] - ScalaProject - Project htw-scala runs on platform default installation.
2017-04-20 14:21:53,093  WARN [Worker-93] - ScalaProject - Project htw-scala has platform default sourceLevel.
2017-04-20 14:21:53,093  WARN [Worker-93] - ScalaProject - Project htw-scala runs on platform default installation.
2017-04-20 14:21:54,764  WARN [Worker-84] - ScalaProject - Project htw-scala has platform default sourceLevel.
2017-04-20 14:21:54,764  WARN [Worker-84] - ScalaProject - Project htw-scala runs on platform default installation.
2017-04-20 14:22:19,696  WARN [Worker-93] - ScalaProject - Project htw-scala has platform default sourceLevel.
2017-04-20 14:22:19,696  WARN [Worker-93] - ScalaProject - Project htw-scala runs on platform default installation.
2017-04-20 14:22:22,615  WARN [Worker-93] - ScalaProject - Project htw-scala has platform default sourceLevel.
2017-04-20 14:22:22,615  WARN [Worker-93] - ScalaProject - Project htw-scala runs on platform default installation.
2017-04-20 14:22:47,959  WARN [Worker-89] - ScalaProject - Project htw-scala has platform default sourceLevel.
2017-04-20 14:22:47,959  WARN [Worker-89] - ScalaProject - Project htw-scala runs on platform default installation.
2017-04-20 14:22:53,450  WARN [Worker-92] - ScalaProject - Project htw-scala has platform default sourceLevel.
2017-04-20 14:22:53,450  WARN [Worker-92] - ScalaProject - Project htw-scala runs on platform default installation.
2017-04-20 14:23:07,071  WARN [Worker-91] - ScalaProject - Project htw-scala has platform default sourceLevel.
2017-04-20 14:23:07,071  WARN [Worker-91] - ScalaProject - Project htw-scala runs on platform default installation.
2017-04-20 14:23:20,531  WARN [Worker-91] - ScalaProject - Project htw-scala has platform default sourceLevel.
2017-04-20 14:23:20,531  WARN [Worker-91] - ScalaProject - Project htw-scala runs on platform default installation.
2017-04-20 14:23:30,778  WARN [Worker-92] - ScalaProject - Project htw-scala has platform default sourceLevel.
2017-04-20 14:23:30,778  WARN [Worker-92] - ScalaProject - Project htw-scala runs on platform default installation.
2017-04-20 14:23:37,932  WARN [Worker-84] - ScalaProject - Project htw-scala has platform default sourceLevel.
2017-04-20 14:23:37,933  WARN [Worker-84] - ScalaProject - Project htw-scala runs on platform default installation.
2017-04-20 14:23:41,423 ERROR [Text Viewer Hover Presenter] - IScalaPresentationCompiler$ - Ignoring InterruptException
2017-04-20 14:23:41,424 ERROR [Text Viewer Hover Presenter] - IScalaPresentationCompiler$ - Ignoring InterruptException
2017-04-20 14:23:41,424 ERROR [Text Viewer Hover Presenter] - IScalaPresentationCompiler$ - Ignoring InterruptException
2017-04-20 14:23:42,075  WARN [Worker-84] - ScalaProject - Project htw-scala has platform default sourceLevel.
2017-04-20 14:23:42,075  WARN [Worker-84] - ScalaProject - Project htw-scala runs on platform default installation.
2017-04-20 14:23:49,836  WARN [Worker-92] - ScalaProject - Project htw-scala has platform default sourceLevel.
2017-04-20 14:23:49,837  WARN [Worker-92] - ScalaProject - Project htw-scala runs on platform default installation.
2017-04-20 14:24:27,012 ERROR [Text Viewer Hover Presenter] - IScalaPresentationCompiler$ - Ignoring InterruptException
2017-04-20 14:24:27,012 ERROR [Text Viewer Hover Presenter] - IScalaPresentationCompiler$ - Ignoring InterruptException
2017-04-20 14:24:35,516  WARN [Worker-89] - ScalaProject - Project htw-scala has platform default sourceLevel.
2017-04-20 14:24:35,517  WARN [Worker-89] - ScalaProject - Project htw-scala runs on platform default installation.
2017-04-20 14:24:55,834  WARN [Worker-91] - ScalaProject - Project htw-scala has platform default sourceLevel.
2017-04-20 14:24:55,834  WARN [Worker-91] - ScalaProject - Project htw-scala runs on platform default installation.
2017-04-20 14:25:05,308  WARN [Worker-91] - ScalaProject - Project htw-scala has platform default sourceLevel.
2017-04-20 14:25:05,308  WARN [Worker-91] - ScalaProject - Project htw-scala runs on platform default installation.
2017-04-20 14:25:11,591  WARN [Worker-93] - ScalaProject - Project htw-scala has platform default sourceLevel.
2017-04-20 14:25:11,591  WARN [Worker-93] - ScalaProject - Project htw-scala runs on platform default installation.
2017-04-20 14:25:58,511  WARN [Worker-84] - ScalaProject - Project htw-scala has platform default sourceLevel.
2017-04-20 14:25:58,511  WARN [Worker-84] - ScalaProject - Project htw-scala runs on platform default installation.
2017-04-20 14:27:31,542  WARN [Worker-95] - ScalaProject - Project htw-scala has platform default sourceLevel.
2017-04-20 14:27:31,543  WARN [Worker-95] - ScalaProject - Project htw-scala runs on platform default installation.
2017-04-20 14:27:39,942  WARN [Worker-98] - ScalaProject - Project htw-scala has platform default sourceLevel.
2017-04-20 14:27:39,942  WARN [Worker-98] - ScalaProject - Project htw-scala runs on platform default installation.
2017-04-20 14:28:05,144  WARN [Worker-96] - ScalaProject - Project htw-scala has platform default sourceLevel.
2017-04-20 14:28:05,145  WARN [Worker-96] - ScalaProject - Project htw-scala runs on platform default installation.
2017-04-20 14:28:14,144  WARN [Worker-95] - ScalaProject - Project htw-scala has platform default sourceLevel.
2017-04-20 14:28:14,145  WARN [Worker-95] - ScalaProject - Project htw-scala runs on platform default installation.
2017-04-20 14:28:20,585  WARN [Worker-97] - ScalaProject - Project htw-scala has platform default sourceLevel.
2017-04-20 14:28:20,586  WARN [Worker-97] - ScalaProject - Project htw-scala runs on platform default installation.
2017-04-20 14:29:23,605  WARN [Worker-98] - ScalaProject - Project htw-scala has platform default sourceLevel.
2017-04-20 14:29:23,605  WARN [Worker-98] - ScalaProject - Project htw-scala runs on platform default installation.
2017-04-20 14:30:05,508  WARN [Worker-100] - ScalaProject - Project htw-scala has platform default sourceLevel.
2017-04-20 14:30:05,508  WARN [Worker-100] - ScalaProject - Project htw-scala runs on platform default installation.
2017-04-20 14:30:23,446  WARN [Worker-102] - ScalaProject - Project htw-scala has platform default sourceLevel.
2017-04-20 14:30:23,446  WARN [Worker-102] - ScalaProject - Project htw-scala runs on platform default installation.
2017-04-20 14:37:02,279  WARN [Worker-107] - ScalaProject - Project htw-scala has platform default sourceLevel.
2017-04-20 14:37:02,280  WARN [Worker-107] - ScalaProject - Project htw-scala runs on platform default installation.
2017-04-20 14:38:59,304  WARN [Worker-104] - ScalaProject - Project htw-scala has platform default sourceLevel.
2017-04-20 14:38:59,305  WARN [Worker-104] - ScalaProject - Project htw-scala runs on platform default installation.
2017-04-20 14:39:14,194  WARN [Worker-108] - ScalaProject - Project htw-scala has platform default sourceLevel.
2017-04-20 14:39:14,194  WARN [Worker-108] - ScalaProject - Project htw-scala runs on platform default installation.
2017-04-20 14:40:30,743  WARN [Worker-110] - ScalaProject - Project htw-scala has platform default sourceLevel.
2017-04-20 14:40:30,743  WARN [Worker-110] - ScalaProject - Project htw-scala runs on platform default installation.
2017-04-20 14:41:41,679  WARN [Worker-110] - ScalaProject - Project htw-scala has platform default sourceLevel.
2017-04-20 14:41:41,680  WARN [Worker-110] - ScalaProject - Project htw-scala runs on platform default installation.
2017-04-20 14:41:59,699  WARN [Worker-110] - ScalaProject - Project htw-scala has platform default sourceLevel.
2017-04-20 14:41:59,699  WARN [Worker-110] - ScalaProject - Project htw-scala runs on platform default installation.
2017-04-20 14:43:34,604  WARN [Worker-115] - ScalaProject - Project htw-scala has platform default sourceLevel.
2017-04-20 14:43:34,605  WARN [Worker-115] - ScalaProject - Project htw-scala runs on platform default installation.
2017-04-20 14:43:51,363  WARN [Worker-121] - ScalaProject - Project htw-scala has platform default sourceLevel.
2017-04-20 14:43:51,363  WARN [Worker-121] - ScalaProject - Project htw-scala runs on platform default installation.
2017-04-20 14:43:57,541  WARN [Worker-117] - ScalaProject - Project htw-scala has platform default sourceLevel.
2017-04-20 14:43:57,541  WARN [Worker-117] - ScalaProject - Project htw-scala runs on platform default installation.
2017-04-20 14:44:29,336 ERROR [Text Viewer Hover Presenter] - IScalaPresentationCompiler$ - Ignoring InterruptException
2017-04-20 14:44:29,336 ERROR [Text Viewer Hover Presenter] - IScalaPresentationCompiler$ - Ignoring InterruptException
2017-04-20 14:44:29,336 ERROR [Text Viewer Hover Presenter] - IScalaPresentationCompiler$ - Ignoring InterruptException
2017-04-20 14:44:30,739  WARN [Worker-121] - ScalaProject - Project htw-scala has platform default sourceLevel.
2017-04-20 14:44:30,739  WARN [Worker-121] - ScalaProject - Project htw-scala runs on platform default installation.
2017-04-20 14:44:38,156  WARN [Worker-119] - ScalaProject - Project htw-scala has platform default sourceLevel.
2017-04-20 14:44:38,156  WARN [Worker-119] - ScalaProject - Project htw-scala runs on platform default installation.
2017-04-20 14:47:25,016  WARN [Worker-123] - ScalaProject - Project htw-scala has platform default sourceLevel.
2017-04-20 14:47:25,016  WARN [Worker-123] - ScalaProject - Project htw-scala runs on platform default installation.
2017-04-20 14:49:35,976  WARN [Worker-127] - ScalaProject - Project htw-scala has platform default sourceLevel.
2017-04-20 14:49:35,978  WARN [Worker-127] - ScalaProject - Project htw-scala runs on platform default installation.
2017-04-20 15:11:46,690  WARN [Worker-132] - ScalaProject - Project htw-scala has platform default sourceLevel.
2017-04-20 15:11:46,692  WARN [Worker-132] - ScalaProject - Project htw-scala runs on platform default installation.
2017-04-20 15:11:56,687  WARN [Worker-136] - ScalaProject - Project htw-scala has platform default sourceLevel.
2017-04-20 15:11:56,687  WARN [Worker-136] - ScalaProject - Project htw-scala runs on platform default installation.
2017-04-20 15:12:50,670 ERROR [Text Viewer Hover Presenter] - IScalaPresentationCompiler$ - Ignoring InterruptException
2017-04-20 15:12:50,671 ERROR [Text Viewer Hover Presenter] - IScalaPresentationCompiler$ - Ignoring InterruptException
2017-04-20 15:12:50,671 ERROR [Text Viewer Hover Presenter] - IScalaPresentationCompiler$ - Ignoring InterruptException
2017-04-20 15:12:51,978  WARN [Worker-136] - ScalaProject - Project htw-scala has platform default sourceLevel.
2017-04-20 15:12:51,978  WARN [Worker-136] - ScalaProject - Project htw-scala runs on platform default installation.
2017-04-20 15:13:09,028  WARN [Worker-133] - ScalaProject - Project htw-scala has platform default sourceLevel.
2017-04-20 15:13:09,028  WARN [Worker-133] - ScalaProject - Project htw-scala runs on platform default installation.
2017-04-20 15:14:56,493  WARN [Worker-135] - ScalaProject - Project htw-scala has platform default sourceLevel.
2017-04-20 15:14:56,495  WARN [Worker-135] - ScalaProject - Project htw-scala runs on platform default installation.
2017-04-20 15:16:30,213  WARN [Worker-139] - ScalaProject - Project htw-scala has platform default sourceLevel.
2017-04-20 15:16:30,213  WARN [Worker-139] - ScalaProject - Project htw-scala runs on platform default installation.
2017-04-20 15:16:37,813  WARN [Worker-133] - ScalaProject - Project htw-scala has platform default sourceLevel.
2017-04-20 15:16:37,814  WARN [Worker-133] - ScalaProject - Project htw-scala runs on platform default installation.
2017-04-20 15:17:54,022  WARN [Worker-135] - ScalaProject - Project htw-scala has platform default sourceLevel.
2017-04-20 15:17:54,025  WARN [Worker-135] - ScalaProject - Project htw-scala runs on platform default installation.
2017-04-20 15:17:54,707  WARN [org.scalaide.ui.internal.reconciliation.ScalaReconciler] - ScalaProject - Project htw-scala has platform default sourceLevel.
2017-04-20 15:17:54,707  WARN [org.scalaide.ui.internal.reconciliation.ScalaReconciler] - ScalaProject - Project htw-scala runs on platform default installation.
2017-04-20 15:18:09,012  WARN [org.scalaide.ui.internal.reconciliation.ScalaReconciler] - ScalaProject - Project htw-scala has platform default sourceLevel.
2017-04-20 15:18:09,012  WARN [org.scalaide.ui.internal.reconciliation.ScalaReconciler] - ScalaProject - Project htw-scala runs on platform default installation.
2017-04-20 15:18:09,602  WARN [Worker-138] - ScalaProject - Project htw-scala has platform default sourceLevel.
2017-04-20 15:18:09,602  WARN [Worker-138] - ScalaProject - Project htw-scala runs on platform default installation.
2017-04-20 15:18:24,845  WARN [Java indexing] - ScalaProject - Project htw-scala has platform default sourceLevel.
2017-04-20 15:18:24,845  WARN [Java indexing] - ScalaProject - Project htw-scala runs on platform default installation.
2017-04-20 15:18:25,377  WARN [Worker-142] - ScalaProject - Project htw-scala has platform default sourceLevel.
2017-04-20 15:18:25,377  WARN [Worker-142] - ScalaProject - Project htw-scala runs on platform default installation.
2017-04-20 15:18:58,568  WARN [Java indexing] - ScalaProject - Project htw-scala has platform default sourceLevel.
2017-04-20 15:18:58,568  WARN [Java indexing] - ScalaProject - Project htw-scala runs on platform default installation.
2017-04-20 15:18:59,030  WARN [Worker-140] - ScalaProject - Project htw-scala has platform default sourceLevel.
2017-04-20 15:18:59,030  WARN [Worker-140] - ScalaProject - Project htw-scala runs on platform default installation.
2017-04-20 15:19:06,361  WARN [Worker-140] - ScalaProject - Project htw-scala has platform default sourceLevel.
2017-04-20 15:19:06,361  WARN [Worker-140] - ScalaProject - Project htw-scala runs on platform default installation.
2017-04-20 15:19:06,648 ERROR [Text Viewer Hover Presenter] - IScalaPresentationCompiler$ - Ignoring InterruptException
2017-04-20 15:19:06,648 ERROR [Text Viewer Hover Presenter] - IScalaPresentationCompiler$ - Ignoring InterruptException
2017-04-20 15:19:06,648 ERROR [Text Viewer Hover Presenter] - IScalaPresentationCompiler$ - Ignoring InterruptException
2017-04-20 15:19:18,895  WARN [Worker-138] - ScalaProject - Project htw-scala has platform default sourceLevel.
2017-04-20 15:19:18,895  WARN [Worker-138] - ScalaProject - Project htw-scala runs on platform default installation.
2017-04-20 15:20:38,876  WARN [Worker-142] - ScalaProject - Project htw-scala has platform default sourceLevel.
2017-04-20 15:20:38,876  WARN [Worker-142] - ScalaProject - Project htw-scala runs on platform default installation.
2017-04-20 15:20:53,190  WARN [main] - ScalaProject - Project htw-scala has platform default sourceLevel.
2017-04-20 15:20:53,190  WARN [main] - ScalaProject - Project htw-scala runs on platform default installation.
2017-04-20 15:20:54,480  WARN [main] - ScalaProject - Project htw-scala has platform default sourceLevel.
2017-04-20 15:20:54,481  WARN [main] - ScalaProject - Project htw-scala runs on platform default installation.
2017-04-20 15:20:54,664  WARN [Worker-133] - ScalaProject - Project htw-scala has platform default sourceLevel.
2017-04-20 15:20:54,664  WARN [Worker-133] - ScalaProject - Project htw-scala runs on platform default installation.
2017-04-21 15:35:34,516  WARN [main] - ScalaProject - Project htw-scala has platform default sourceLevel.
2017-04-21 15:35:34,517  WARN [main] - ScalaProject - Project htw-scala runs on platform default installation.
2017-04-21 15:35:34,520  WARN [main] - ScalaProject - Project htw-scala has platform default sourceLevel.
2017-04-21 15:35:34,521  WARN [main] - ScalaProject - Project htw-scala runs on platform default installation.
2017-04-21 15:35:40,503 ERROR [Worker-4] - System.err - log4j:WARN No appenders could be found for logger (org.eclipse.jgit.util.FS).
2017-04-21 15:35:40,504 ERROR [Worker-4] - System.err - log4j:WARN Please initialize the log4j system properly.
